<patch A331> A:271  A:272  A:273  A:329  A:330  A:331
<patch A358> A:358  A:359  A:360  A:361
<patch A200> A:198  A:199  A:200  A:201  A:202  A:205  A:206  A:207  A:208  A:209
<patch A190> A:188  A:189  A:190  A:191  A:192  A:232
<patch A161> A:158  A:161  A:176  A:178  A:180
<patch A259> A:257  A:258  A:259  A:260  A:262  A:278  A:279  A:280  A:281
<patch A194> A:193  A:194  A:195  A:196  A:226  A:227  A:228
<patch A220> A:171  A:172  A:173  A:174  A:203  A:219  A:220
<patch A313> A:312  A:313  A:314  A:319  A:322  A:323  A:324  A:327
<patch A163> A:159  A:160  A:161  A:162  A:163  A:164  A:165  A:242  A:244  B:35
<patch A243> A:165  A:230  A:241  A:242  A:243
<patch A151> A:149  A:150  A:151  A:152
<patch A148> A:147  A:148  A:149
<patch A343> A:343
<patch A347> A:255  A:346  A:347  A:348  A:349  A:350  B:51  B:52
<patch A208> A:207  A:208  A:209  A:210  A:217
<patch A275> A:274  A:275  A:276  A:277  A:326
<patch A157> A:155  A:156  A:157  A:158  A:159  A:160  A:180  A:181  A:182
<patch A325> A:278  A:279  A:321  A:322  A:324  A:325
<patch A350> A:345  A:349  A:350  A:351  A:352
<patch A197> A:197  A:198  A:199  A:200  A:202  A:207
<patch A203> A:201  A:202  A:203  A:204  A:205  A:206  A:207  A:225
<patch A261> A:258  A:259  A:260  A:261  A:262  A:353
<patch A199> A:197  A:198  A:199  A:200  A:201  A:202
<patch A226> A:194  A:223  A:224  A:226  A:227
<patch A153> A:151  A:152  A:153  A:154  A:155  A:183  A:184  A:236  A:237  A:238  A:239  A:240
<patch A211> A:209  A:210  A:211  A:212
<patch A337> A:292  A:333  A:334  A:335  A:336  A:337  A:338  A:339  A:356
<patch A321> A:319  A:320  A:321  A:322  A:323  A:325
<patch A311> A:289  A:309  A:310  A:311  A:312  A:313  A:314
<patch A204> A:201  A:202  A:203  A:204  A:205
<patch A289> A:289  A:311
<patch A241> A:239  A:240  A:241  A:242
<patch A165> A:162  A:163  A:164  A:165  A:166  A:242  A:243  A:244  B:35
<patch A320> A:318  A:319  A:320  A:321  A:322  A:323
<patch A147> A:147  A:148  A:149
<patch A333> A:270  A:271  A:332  A:333  A:334  A:335  A:336
<patch A339> A:291  A:293  A:339  A:341  A:353  A:354  A:356
<patch A228> A:194  A:195  A:227  A:228  A:245
<patch A273> A:271  A:272  A:273  A:274  A:330  A:331
<patch A323> A:313  A:318  A:319  A:320  A:321  A:322  A:323
<patch A236> A:152  A:153  A:185  A:235  A:236  A:237  A:238  A:239
<patch A202> A:198  A:199  A:200  A:201  A:202  A:203  A:204  A:225
<patch A361> A:269  A:359  A:360  A:361  A:362
<patch A184> A:183  A:184  A:185  A:186
<patch A348> A:253  A:254  A:255  A:345  A:346  A:347  A:348  A:349  A:350  B:51
<patch A172> A:170  A:171  A:172  A:173  A:174
<patch A319> A:313  A:314  A:315  A:316  A:317  A:318  A:319  A:320  A:321  A:323
<patch A178> A:161  A:176  A:177  A:178
<patch A224> A:193  A:222  A:223  A:224  A:226
<patch A223> A:222  A:223  A:224  A:226
<patch A234> A:188  A:234  A:235  A:236  A:237  A:238  A:239
<patch A307> A:294  A:295  A:296  A:307  A:308  A:309
<patch A314> A:287  A:288  A:289  A:311  A:312  A:313  A:314  A:315  A:316  B:48  B:49
<patch A262> A:259  A:260  A:261  A:262  A:279  A:353
<patch A212> A:209  A:210  A:211  A:212  A:213  A:214
<patch A352> A:291  A:341  A:350  A:351  A:352  A:353  A:354
<patch A159> A:156  A:157  A:158  A:159  A:160  A:161  A:162  A:163
<patch A251> A:249  A:250  A:251  A:252  A:253  A:254  B:89
<patch A253> A:251  A:252  A:253  A:254  A:283  B:89  B:90  B:91  B:92  B:93
<patch A160> A:158  A:159  A:160  A:161  A:162  A:163  B:113
<patch A279> A:259  A:262  A:278  A:279  A:325
<patch A176> A:174  A:175  A:176  A:177  A:178  A:210  A:217
<patch A209> A:200  A:207  A:208  A:209  A:210  A:211  A:212  A:217
<patch A335> A:333  A:334  A:335  A:336
<patch A270> A:268  A:269  A:270  A:271  A:272  A:332  A:333  A:334  A:335  A:359  A:360  A:361  A:362
<patch A195> A:192  A:193  A:194  A:195  A:196  A:197
<patch A193> A:193  A:194  A:198  A:223  A:224  A:226  A:227  A:229
<patch A336> A:332  A:333  A:334  A:335  A:336  A:337
<patch A255> A:254  A:255  A:348  A:349  A:350
<patch A264> A:263  A:264  A:265  A:266
<patch A240> A:153  A:154  A:155  A:156  A:238  A:239  A:240  A:241
<patch A334> A:270  A:332  A:333  A:334  A:335  A:336  A:337
<patch A277> A:277  A:326
<patch A201> A:199  A:200  A:201  A:202
<patch A152> A:149  A:150  A:151  A:152  A:153  A:154  A:155  A:183  A:184  A:185  A:236  A:237  A:238
<patch A207> A:197  A:198  A:199  A:200  A:201  A:202  A:206  A:207  A:208  A:209
<patch A330> A:273  A:328  A:329  A:330  A:331
<patch A295> A:293  A:294  A:295  A:296
<patch A360> A:358  A:359  A:360  A:361  A:362
<patch A174> A:172  A:173  A:174  A:175  A:176  A:219  A:220
<patch A214> A:157  A:181  A:182  A:183  A:186  A:187  A:211  A:212  A:213  A:214
<patch A149> A:147  A:148  A:149  A:150
<patch A210> A:176  A:208  A:209  A:210  A:213  A:217
<patch A173> A:168  A:169  A:170  A:171  A:172  A:173  A:174  A:175
<patch A312> A:310  A:311  A:312  A:313  A:314  A:324  A:327
<patch A260> A:257  A:258  A:259  A:260  A:261  A:262  A:353
<patch A293> A:293  A:294  A:295  A:296  A:307  A:308  A:309  A:339
<patch A237> A:151  A:152  A:153  A:185  A:235  A:236  A:237  A:238
<patch A309> A:293  A:296  A:307  A:308  A:309  A:310  A:311
<patch A188> A:186  A:187  A:188  A:189  A:190  A:214  A:234  A:235
<patch A322> A:320  A:321  A:322  A:323
<patch A166> A:163  A:164  A:165  A:166  A:167  A:168  A:247  B:15
<patch A353> A:256  A:257  A:258  A:259  A:260  A:261  A:262  A:351  A:352  A:353  A:354
<patch A222> A:222  A:223  A:224
<patch A252> A:251  A:252  A:253  A:254  A:255  A:281  A:282  A:283  A:284
<patch A156> A:154  A:155  A:156  A:157  A:158  A:159
<patch A310> A:309  A:310  A:311  A:312
<patch A250> A:171  A:248  A:249  A:250  A:251
<patch A192> A:190  A:191  A:192  A:232
<patch A308> A:293  A:296  A:307  A:308
<patch A254> A:251  A:252  A:253  A:254  A:255
<patch A150> A:147  A:148  A:149  A:150  A:151  A:152
<patch A271> A:268  A:269  A:270  A:271  A:272  A:273  A:330  A:331  A:332  A:333  A:334  A:362
<patch A155> A:154  A:155  A:156  A:157  A:182  A:183  A:184
<patch A328> A:328
<patch A245> A:227  A:228  A:245
<patch A239> A:153  A:154  A:237  A:238  A:239  A:240  A:241
<patch A267> A:265  A:266  A:267  A:268  A:269  A:274
<patch A269> A:267  A:268  A:269  A:270  A:271  A:272  A:360  A:361  A:362
<patch A158> A:157  A:158  A:159  A:160  A:161  A:162  A:163  A:178  A:180
<patch A205> A:200  A:201  A:203  A:204  A:205  A:206  A:207  A:219  A:220
<patch A281> A:280  A:281  A:282  A:283  B:6  B:7
<patch A354> A:261  A:262  A:339  A:341  A:352  A:353  A:354
<patch A219> A:174  A:203  A:219  A:220
<patch A318> A:316  A:317  A:318  A:319  A:320  A:323  B:57
<patch A257> A:256  A:257  A:258  A:259  A:260  A:279  A:280  A:281  A:282  A:351
<patch A185> A:183  A:184  A:185  A:186  A:187  A:234  A:235  A:236  A:237
<patch A213> A:210  A:212  A:213  A:214
<patch A356> A:292  A:337  A:338  A:339  A:356
<patch A362> A:269  A:270  A:360  A:361  A:362
<patch A265> A:263  A:264  A:265  A:266
<patch A296> A:293  A:294  A:295  A:296  A:307
<patch A317> A:315  A:316  A:317  A:318  B:49  B:55
<patch A164> A:164  A:165  A:166  A:167  A:168  A:169  B:15
<patch A196> A:193  A:194  A:195  A:196  A:197
<patch A171> A:170  A:171  A:172  A:173  A:248  A:249  A:250  A:251  B:93
<patch A242> A:161  A:162  A:163  A:164  A:165  A:241  A:242  A:243  A:244
<patch A186> A:186  A:187  A:214
<patch B32> B:21  B:26  B:30  B:31  B:32  B:114  B:115  B:116  B:117
<patch B127> B:18  B:120  B:121  B:122  B:123  B:124  B:125  B:126  B:127  B:128  B:129
<patch B90> B:87  B:88  B:89  B:90  B:91  B:92  B:94  B:96  B:125
<patch B125> B:88  B:123  B:124  B:125  B:126  B:127
<patch B27> B:26  B:27  B:28  B:29  B:30  B:40  B:41  B:60  B:61  B:63
<patch B57> A:317  A:318  A:319  B:47  B:57  B:64
<patch B89> A:251  B:87  B:88  B:89  B:90  B:91  B:92  B:93  B:96
<patch B35> A:163  A:165  B:22  B:33  B:34  B:35  B:36  B:37
<patch B11> B:8  B:9  B:10  B:11  B:45  B:46
<patch B78> B:64  B:76  B:77  B:78  B:79  B:80
<patch B93> B:90  B:91  B:92  B:93
<patch B106> B:103  B:104  B:105  B:106  B:107
<patch B138> B:37  B:38  B:43  B:136  B:137  B:138  B:139  B:140
<patch B114> B:112  B:113  B:114  B:115  B:116  B:117
<patch B81> B:80  B:81  B:82  B:100  B:101
<patch B137> B:13  B:37  B:38  B:39  B:42  B:43  B:137  B:138  B:139
<patch B60> B:27  B:40  B:41  B:59  B:60  B:61
<patch B101> B:81  B:82  B:99  B:100  B:101  B:102  B:104  B:105
<patch B86> B:86  B:88  B:98  B:103
<patch B62> B:59  B:60  B:61  B:62  B:63
<patch B139> B:37  B:136  B:137  B:138  B:139  B:140
<patch B82> B:74  B:80  B:81  B:82  B:101  B:102
<patch B69> B:68  B:69  B:70  B:107
<patch B112> B:112  B:114  B:115  B:116  B:117  B:118  B:119
<patch B49> A:315  A:316  A:317  A:318  B:48  B:49  B:50  B:55
<patch B24> B:24  B:39  B:40
<patch B140> A:247  B:136  B:138  B:139  B:140
<patch B104> B:101  B:102  B:103  B:104  B:105  B:106
<patch B124> B:120  B:121  B:122  B:123  B:124  B:125  B:126  B:127
<patch B79> B:64  B:76  B:77  B:78  B:79  B:80  B:81  B:82
<patch B121> B:119  B:120  B:121  B:122  B:123
<patch B126> B:123  B:124  B:125  B:126  B:127  B:128  B:129
<patch B37> B:13  B:22  B:34  B:35  B:36  B:37  B:38  B:39  B:42  B:137  B:138
<patch B43> B:13  B:39  B:40  B:41  B:42  B:43  B:59  B:60  B:137
<patch B7> A:257  A:281  A:282  B:6  B:7
<patch B80> B:74  B:76  B:78  B:79  B:80  B:81  B:82  B:101
<patch B26> B:24  B:26  B:27  B:28  B:30  B:31  B:32  B:39  B:41
<patch B119> B:119  B:120  B:121  B:122
<patch B72> B:68  B:69  B:72
<patch B74> B:73  B:74  B:75  B:76  B:82
<patch B61> B:26  B:27  B:28  B:40  B:41  B:59  B:60  B:61  B:62  B:63
<patch B92> A:170  B:89  B:90  B:91  B:92  B:93  B:94
<patch B103> B:84  B:86  B:88  B:98  B:100  B:101  B:103  B:104  B:105  B:106
<patch B10> B:9  B:10  B:11
<patch B113> A:160  A:161  A:163  B:18  B:112  B:113  B:114
<patch B91> B:90  B:91  B:92  B:93
<patch B107> B:69  B:70  B:102  B:105  B:107
<patch B77> B:75  B:76  B:77  B:78
<patch B50> B:48  B:49  B:50  B:51  B:52  B:53  B:84
<patch B45> B:8  B:9  B:10  B:11  B:45  B:46  B:47
<patch B70> B:68  B:69  B:70  B:72  B:107
<patch B68> B:68  B:69  B:70  B:72
<patch B116> B:31  B:32  B:112  B:113  B:114  B:115  B:116  B:117  B:118
<patch B88> B:86  B:87  B:88  B:89  B:90  B:96  B:98  B:125
<patch B30> B:27  B:28  B:29  B:30  B:31  B:32
<patch B100> B:53  B:84  B:100  B:101
<patch B128> B:18  B:113  B:126  B:127  B:128  B:129
<patch B28> B:26  B:27  B:28  B:29  B:30  B:31
<patch B40> B:38  B:39  B:40  B:41  B:60
<patch B59> B:40  B:59  B:60  B:61  B:62
<patch B53> B:50  B:51  B:52  B:53  B:100
<patch B122> B:119  B:121  B:122  B:127
<patch B105> B:101  B:102  B:103  B:104  B:105  B:106  B:107
<patch B6> A:281  B:6  B:7
<patch B36> B:34  B:35  B:36  B:37  B:38  B:39  B:40  B:42
<patch B9> B:8  B:9  B:10
<patch B51> A:287  A:344  A:345  A:346  A:347  A:348  A:349  A:350  B:50  B:51  B:52  B:53
<patch B38> B:35  B:36  B:37  B:38  B:39  B:40  B:42
