<patch A.127> A:56 A:57 A:58 A:59 A:126 A:127 A:128 A:129 A:132 A:133
<patch A.102> A:98 A:99 A:100 A:101 A:102 A:103
<patch A.200> A:198 A:199 A:200 A:201 A:202 A:243 A:244 A:245
<patch A.84> A:82 A:83 A:84 A:85 A:86
<patch A.27> A:27 A:28 A:29
<patch A.57> A:56 A:57 A:58 A:80
<patch A.95> A:86 A:94 A:95 A:108
<patch A.220> A:214 A:218 A:219 A:220 A:221 A:222 A:236
<patch A.89> A:64 A:72 A:89 A:90 A:116
<patch A.175> A:173 A:174 A:175 A:176 A:177 A:178 A:266 A:267
<patch A.31> A:30 A:31 A:32 A:33 A:138
<patch A.35> A:33 A:34 A:35 A:36 A:37 A:139 A:140 A:141
<patch A.93> A:93 A:110 A:111 A:112 A:113 A:114 A:115
<patch A.106> A:45 A:46 A:47 A:49 A:97 A:104 A:106
<patch A.29> A:27 A:28 A:29
<patch A.138> A:30 A:31 A:32 A:33 A:119 A:136 A:137 A:138 A:139 A:140
<patch A.114> A:40 A:112 A:113 A:114 A:115 A:117 A:144 A:145 A:146
<patch A.199> A:197 A:198 A:199 A:200 A:202 A:240 A:241 A:243 A:244 A:245
<patch A.226> A:193 A:211 A:212 A:224 A:225 A:226 A:227 A:228 A:229 A:230 A:231 A:232
<patch A.81> A:78 A:80 A:81 A:82 A:83 A:84
<patch A.101> A:98 A:99 A:100 A:101 A:102 A:103
<patch A.86> A:82 A:84 A:85 A:86 A:95
<patch A.67> A:65 A:66 A:67 A:68 A:69
<patch A.241> A:219 A:221 A:222 A:239 A:240 A:241 A:242
<patch A.129> A:126 A:127 A:128 A:129 A:130 A:131 A:132
<patch A.110> A:92 A:93 A:110 A:111
<patch A.82> A:78 A:79 A:80 A:81 A:82 A:83 A:84
<patch A.228> A:186 A:188 A:189 A:190 A:191 A:226 A:227 A:228 A:229 A:230 A:231
<patch A.236> A:177 A:179 A:220 A:221 A:236 A:237
<patch A.168> A:166 A:167 A:168 A:169 A:170 A:171 A:172 A:184 A:185
<patch A.202> A:197 A:198 A:199 A:200 A:201 A:202
<patch A.135> A:27 A:28 A:125 A:132 A:133 A:134 A:135
<patch A.69> A:65 A:66 A:67 A:68 A:69 A:70 A:198 A:247
<patch A.191> A:189 A:190 A:191 A:192 A:211 A:231 A:251 A:252
<patch A.145> A:37 A:38 A:39 A:40 A:114 A:144 A:145 A:146
<patch A.49> A:31 A:47 A:49 A:104
<patch A.178> A:173 A:174 A:175 A:176 A:177 A:178 A:179 A:180 A:267
<patch A.187> A:162 A:163 A:164 A:187 A:188 A:189 A:190 A:229
<patch A.223> A:211 A:212 A:214 A:220 A:221 A:222 A:223 A:224 A:225 A:232 A:236
<patch A.181> A:179 A:180 A:181 A:182
<patch A.234> A:234
<patch A.212> A:210 A:211 A:212 A:213 A:214 A:223 A:224 A:225 A:226
<patch A.253> A:251 A:252 A:253 A:254 A:255 A:256 A:257
<patch A.176> A:174 A:175 A:176 A:177 A:178 A:238
<patch A.98> A:45 A:77 A:79 A:96 A:97 A:98 A:99 A:100 A:101 A:102 A:104 A:106
<patch A.37> A:36 A:37 A:38 A:39 A:145
<patch A.216> A:206 A:209 A:214 A:215 A:216 A:217 A:218
<patch A.43> A:41 A:42 A:43 A:44 A:45
<patch A.117> A:114 A:115 A:117 A:118 A:119
<patch A.170> A:167 A:168 A:169 A:170 A:171 A:263
<patch A.33> A:32 A:33 A:34 A:35 A:138
<patch A.227> A:190 A:191 A:211 A:225 A:226 A:227 A:228 A:229 A:230 A:231
<patch A.80> A:56 A:57 A:78 A:79 A:80 A:81
<patch A.119> A:117 A:118 A:119 A:138 A:139 A:140 A:141
<patch A.99> A:98 A:99 A:100 A:101 A:102 A:103
<patch A.179> A:177 A:179 A:236 A:237
<patch A.72> A:64 A:66 A:70 A:71 A:72 A:73 A:89 A:90 A:256
<patch A.162> A:162 A:163 A:164 A:187
<patch A.240> A:239 A:240 A:241 A:266
<patch A.230> A:184 A:185 A:186 A:225 A:226 A:227 A:228 A:229 A:230 A:231 A:232
<patch A.108> A:95 A:108
<patch A.115> A:113 A:114 A:115
<patch A.92> A:91 A:92 A:93
<patch A.201> A:198 A:199 A:200 A:201 A:202 A:203
<patch A.113> A:40 A:41 A:93 A:110 A:111 A:112 A:113 A:114 A:115 A:146
<patch A.189> A:163 A:187 A:188 A:189 A:190 A:191 A:227 A:228 A:229 A:230
<patch A.225> A:211 A:212 A:223 A:224 A:225 A:226 A:227 A:230 A:231 A:232
<patch A.91> A:91 A:92
<patch A.263> A:170 A:171 A:263
<patch A.266> A:240 A:241 A:265 A:266 A:267
<patch A.214> A:212 A:213 A:214 A:215 A:216 A:217 A:218 A:219 A:220 A:221 A:222 A:223 A:224
<patch A.39> A:39
<patch A.97> A:45 A:77 A:96 A:97 A:98 A:106
<patch A.41> A:40 A:41 A:42 A:43 A:110 A:111 A:112 A:113
<patch A.52> A:50 A:51 A:52 A:53 A:54 A:103
<patch A.173> A:171 A:172 A:173 A:174 A:178 A:264 A:265 A:266 A:267
<patch A.56> A:56 A:79 A:80 A:81 A:100
<patch A.45> A:44 A:45 A:46 A:47 A:97 A:98 A:106
<patch A.229> A:184 A:185 A:186 A:187 A:188 A:189 A:227 A:228 A:229 A:230
<patch A.260> A:258 A:259 A:260
<patch A.54> A:53 A:54 A:103
<patch A.237> A:177 A:178 A:179 A:236 A:237
<patch A.70> A:65 A:66 A:67 A:68 A:69 A:70 A:71 A:72 A:198 A:247
<patch A.68> A:66 A:67 A:68 A:69 A:70 A:71
<patch A.188> A:162 A:163 A:164 A:187 A:188 A:189 A:190 A:229
<patch A.166> A:164 A:165 A:166 A:167 A:168 A:185
<patch A.88> A:73 A:86 A:87 A:88 A:89 A:254 A:255
<patch A.141> A:34 A:35 A:36 A:139 A:140 A:141
<patch A.100> A:56 A:79 A:80 A:98 A:99 A:100 A:101 A:102 A:103
<patch A.128> A:126 A:127 A:128 A:129 A:130
<patch A.252> A:163 A:189 A:190 A:191 A:251 A:252 A:253 A:254 A:256
<patch A.28> A:27 A:28 A:29 A:30 A:134 A:135
<patch A.40> A:40 A:41 A:42 A:111 A:112 A:113 A:114 A:115 A:145 A:146
<patch A.83> A:81 A:82 A:83 A:84
<patch A.192> A:191 A:192
<patch A.59> A:56 A:57 A:58 A:59 A:127 A:128
<patch A.254> A:251 A:252 A:253 A:254 A:256
<patch A.177> A:175 A:176 A:177 A:178 A:179 A:236 A:237
<patch A.130> A:126 A:128 A:129 A:130 A:131 A:132 A:209 A:213
<patch A.217> A:206 A:214 A:215 A:216 A:217 A:218 A:219 A:220
<patch A.239> A:219 A:221 A:237 A:239 A:240 A:241 A:242
<patch A.267> A:174 A:175 A:176 A:178 A:266 A:267
<patch A.143> A:143
<patch A.42> A:38 A:39 A:40 A:41 A:42 A:43 A:44
<patch A.205> A:205 A:206 A:215 A:216 A:217 A:218 A:219
<patch A.219> A:214 A:217 A:218 A:219 A:220 A:221 A:222 A:239 A:241 A:242
<patch A.85> A:83 A:84 A:85 A:86 A:87
<patch A.36> A:33 A:34 A:35 A:36 A:37 A:38 A:43 A:44 A:45 A:46 A:141
<patch A.185> A:164 A:166 A:167 A:185 A:186 A:187 A:229 A:230 A:231
<patch A.183> A:183
<patch A.213> A:212 A:213 A:214
<patch A.146> A:40 A:113 A:114 A:115 A:144 A:145 A:146
<patch A.111> A:40 A:41 A:42 A:43 A:92 A:93 A:110 A:111 A:112 A:113
<patch A.51> A:50 A:51 A:52 A:53 A:103
<patch A.34> A:32 A:33 A:34 A:35 A:36 A:138 A:139 A:140 A:141
<patch A.265> A:265 A:266 A:267
<patch A.169> A:167 A:168 A:169 A:170 A:171 A:172 A:173 A:263
<patch A.164> A:162 A:163 A:164 A:165 A:166 A:167 A:187
<patch A.132> A:126 A:127 A:128 A:132 A:133
<patch A.171> A:169 A:170 A:171 A:172 A:173 A:263
